<?xml version="1.0" encoding="UTF-8"?>
<testsuite xmlns:xsi="http://www.w3.org/2001/XMLSchema-instance" xsi:schemaLocation="https://maven.apache.org/surefire/maven-surefire-plugin/xsd/surefire-test-report.xsd" name="edu.ncsu.csc.itrust.unit.report.DemographicReportFilterTest" time="23.508" tests="62" errors="0" skipped="0" failures="0">
  <properties>
    <property name="java.runtime.name" value="Java(TM) SE Runtime Environment"/>
    <property name="sun.boot.library.path" value="/Library/Java/JavaVirtualMachines/jdk1.8.0_121.jdk/Contents/Home/jre/lib"/>
    <property name="java.vm.version" value="25.121-b13"/>
    <property name="gopherProxySet" value="false"/>
    <property name="java.vm.vendor" value="Oracle Corporation"/>
    <property name="maven.multiModuleProjectDirectory" value="/Users/ssapra/Dropbox/College/Junior/cs427/iTrust"/>
    <property name="java.vendor.url" value="http://java.oracle.com/"/>
    <property name="path.separator" value=":"/>
    <property name="guice.disable.misplaced.annotation.check" value="true"/>
    <property name="java.vm.name" value="Java HotSpot(TM) 64-Bit Server VM"/>
    <property name="file.encoding.pkg" value="sun.io"/>
    <property name="user.country" value="US"/>
    <property name="sun.java.launcher" value="SUN_STANDARD"/>
    <property name="sun.os.patch.level" value="unknown"/>
    <property name="java.vm.specification.name" value="Java Virtual Machine Specification"/>
    <property name="user.dir" value="/Users/ssapra/Dropbox/College/Junior/cs427/iTrust"/>
    <property name="java.runtime.version" value="1.8.0_121-b13"/>
    <property name="java.awt.graphicsenv" value="sun.awt.CGraphicsEnvironment"/>
    <property name="java.endorsed.dirs" value="/Library/Java/JavaVirtualMachines/jdk1.8.0_121.jdk/Contents/Home/jre/lib/endorsed"/>
    <property name="os.arch" value="x86_64"/>
    <property name="java.io.tmpdir" value="/var/folders/3h/5f_5t54d61l9l7c9md6tq6tc0000gn/T/"/>
    <property name="line.separator" value="&#10;"/>
    <property name="java.vm.specification.vendor" value="Oracle Corporation"/>
    <property name="os.name" value="Mac OS X"/>
    <property name="classworlds.conf" value="/usr/local/Cellar/maven/3.5.0/libexec/bin/m2.conf"/>
    <property name="sun.jnu.encoding" value="UTF-8"/>
    <property name="java.library.path" value="/Users/ssapra/Library/Java/Extensions:/Library/Java/Extensions:/Network/Library/Java/Extensions:/System/Library/Java/Extensions:/usr/lib/java:."/>
    <property name="maven.conf" value="/usr/local/Cellar/maven/3.5.0/libexec/conf"/>
    <property name="java.specification.name" value="Java Platform API Specification"/>
    <property name="java.class.version" value="52.0"/>
    <property name="sun.management.compiler" value="HotSpot 64-Bit Tiered Compilers"/>
    <property name="os.version" value="10.12.6"/>
    <property name="library.jansi.path" value="/usr/local/Cellar/maven/3.5.0/libexec/lib/jansi-native/osx64"/>
    <property name="user.home" value="/Users/ssapra"/>
    <property name="user.timezone" value="America/Chicago"/>
    <property name="java.awt.printerjob" value="sun.lwawt.macosx.CPrinterJob"/>
    <property name="java.specification.version" value="1.8"/>
    <property name="file.encoding" value="UTF-8"/>
    <property name="user.name" value="ssapra"/>
    <property name="java.class.path" value="/usr/local/Cellar/maven/3.5.0/libexec/boot/plexus-classworlds-2.5.2.jar"/>
    <property name="java.vm.specification.version" value="1.8"/>
    <property name="sun.arch.data.model" value="64"/>
    <property name="java.home" value="/Library/Java/JavaVirtualMachines/jdk1.8.0_121.jdk/Contents/Home/jre"/>
    <property name="sun.java.command" value="org.codehaus.plexus.classworlds.launcher.Launcher test"/>
    <property name="java.specification.vendor" value="Oracle Corporation"/>
    <property name="user.language" value="en"/>
    <property name="awt.toolkit" value="sun.lwawt.macosx.LWCToolkit"/>
    <property name="java.vm.info" value="mixed mode"/>
    <property name="java.version" value="1.8.0_121"/>
    <property name="java.ext.dirs" value="/Users/ssapra/Library/Java/Extensions:/Library/Java/JavaVirtualMachines/jdk1.8.0_121.jdk/Contents/Home/jre/lib/ext:/Library/Java/Extensions:/Network/Library/Java/Extensions:/System/Library/Java/Extensions:/usr/lib/java"/>
    <property name="sun.boot.class.path" value="/Library/Java/JavaVirtualMachines/jdk1.8.0_121.jdk/Contents/Home/jre/lib/resources.jar:/Library/Java/JavaVirtualMachines/jdk1.8.0_121.jdk/Contents/Home/jre/lib/rt.jar:/Library/Java/JavaVirtualMachines/jdk1.8.0_121.jdk/Contents/Home/jre/lib/sunrsasign.jar:/Library/Java/JavaVirtualMachines/jdk1.8.0_121.jdk/Contents/Home/jre/lib/jsse.jar:/Library/Java/JavaVirtualMachines/jdk1.8.0_121.jdk/Contents/Home/jre/lib/jce.jar:/Library/Java/JavaVirtualMachines/jdk1.8.0_121.jdk/Contents/Home/jre/lib/charsets.jar:/Library/Java/JavaVirtualMachines/jdk1.8.0_121.jdk/Contents/Home/jre/lib/jfr.jar:/Library/Java/JavaVirtualMachines/jdk1.8.0_121.jdk/Contents/Home/jre/classes"/>
    <property name="java.vendor" value="Oracle Corporation"/>
    <property name="maven.home" value="/usr/local/Cellar/maven/3.5.0/libexec"/>
    <property name="file.separator" value="/"/>
    <property name="java.vendor.url.bug" value="http://bugreport.sun.com/bugreport/"/>
    <property name="sun.cpu.endian" value="little"/>
    <property name="sun.io.unicode.encoding" value="UnicodeBig"/>
    <property name="sun.cpu.isalist" value=""/>
  </properties>
  <testcase name="testFilterByGenderNoResult" classname="edu.ncsu.csc.itrust.unit.report.DemographicReportFilterTest" time="0.559"/>
  <testcase name="testFilterByParentLastName2" classname="edu.ncsu.csc.itrust.unit.report.DemographicReportFilterTest" time="0.795"/>
  <testcase name="testFilterByICID" classname="edu.ncsu.csc.itrust.unit.report.DemographicReportFilterTest" time="0.631"/>
  <testcase name="testFilterByZip2" classname="edu.ncsu.csc.itrust.unit.report.DemographicReportFilterTest" time="0.404"/>
  <testcase name="testFilterByMID" classname="edu.ncsu.csc.itrust.unit.report.DemographicReportFilterTest" time="0.336"/>
  <testcase name="testFilterByZip" classname="edu.ncsu.csc.itrust.unit.report.DemographicReportFilterTest" time="0.517"/>
  <testcase name="testFilterByStateNoResult" classname="edu.ncsu.csc.itrust.unit.report.DemographicReportFilterTest" time="0.488"/>
  <testcase name="testFilterByChildFirstName" classname="edu.ncsu.csc.itrust.unit.report.DemographicReportFilterTest" time="0.372"/>
  <testcase name="testFilterByFirstNameNoResult" classname="edu.ncsu.csc.itrust.unit.report.DemographicReportFilterTest" time="0.384"/>
  <testcase name="testFilterTypeFromString" classname="edu.ncsu.csc.itrust.unit.report.DemographicReportFilterTest" time="0.406"/>
  <testcase name="testFilterByParentLastName" classname="edu.ncsu.csc.itrust.unit.report.DemographicReportFilterTest" time="0.321"/>
  <testcase name="testToString" classname="edu.ncsu.csc.itrust.unit.report.DemographicReportFilterTest" time="0.527"/>
  <testcase name="testFilterByCityNoResult" classname="edu.ncsu.csc.itrust.unit.report.DemographicReportFilterTest" time="0.365"/>
  <testcase name="testFilterByICAddress1" classname="edu.ncsu.csc.itrust.unit.report.DemographicReportFilterTest" time="0.345"/>
  <testcase name="testFilterByICAddress2" classname="edu.ncsu.csc.itrust.unit.report.DemographicReportFilterTest" time="0.324"/>
  <testcase name="testFilterByICAddress3" classname="edu.ncsu.csc.itrust.unit.report.DemographicReportFilterTest" time="0.352"/>
  <testcase name="testFilterByChildFirstNameNoResult" classname="edu.ncsu.csc.itrust.unit.report.DemographicReportFilterTest" time="0.311"/>
  <testcase name="testFilterBySiblingLastName" classname="edu.ncsu.csc.itrust.unit.report.DemographicReportFilterTest" time="0.461"/>
  <testcase name="testFilterByChildLastNameNoResult" classname="edu.ncsu.csc.itrust.unit.report.DemographicReportFilterTest" time="0.414"/>
  <testcase name="testGetFilterTypeString" classname="edu.ncsu.csc.itrust.unit.report.DemographicReportFilterTest" time="0.308"/>
  <testcase name="testFilterByLowerAge" classname="edu.ncsu.csc.itrust.unit.report.DemographicReportFilterTest" time="0.273"/>
  <testcase name="testFilterByICPhone" classname="edu.ncsu.csc.itrust.unit.report.DemographicReportFilterTest" time="0.298"/>
  <testcase name="testFilterByICState" classname="edu.ncsu.csc.itrust.unit.report.DemographicReportFilterTest" time="0.291"/>
  <testcase name="testFilterByLastName" classname="edu.ncsu.csc.itrust.unit.report.DemographicReportFilterTest" time="0.392"/>
  <testcase name="testFilterByGender" classname="edu.ncsu.csc.itrust.unit.report.DemographicReportFilterTest" time="0.273"/>
  <testcase name="testFilterByPhoneNoResult" classname="edu.ncsu.csc.itrust.unit.report.DemographicReportFilterTest" time="0.308"/>
  <testcase name="testFilterByICCity" classname="edu.ncsu.csc.itrust.unit.report.DemographicReportFilterTest" time="0.275"/>
  <testcase name="testFilterByICName" classname="edu.ncsu.csc.itrust.unit.report.DemographicReportFilterTest" time="0.268"/>
  <testcase name="testFilterByInvalidUpperAge" classname="edu.ncsu.csc.itrust.unit.report.DemographicReportFilterTest" time="0.339"/>
  <testcase name="testFilterBySiblingFirstNameNoResult" classname="edu.ncsu.csc.itrust.unit.report.DemographicReportFilterTest" time="0.377"/>
  <testcase name="testGetFilterType" classname="edu.ncsu.csc.itrust.unit.report.DemographicReportFilterTest" time="0.311"/>
  <testcase name="testFilterByLastNameNoResult" classname="edu.ncsu.csc.itrust.unit.report.DemographicReportFilterTest" time="0.345"/>
  <testcase name="testFilterBySiblingFirstName" classname="edu.ncsu.csc.itrust.unit.report.DemographicReportFilterTest" time="0.362"/>
  <testcase name="testFilterByContactEmail" classname="edu.ncsu.csc.itrust.unit.report.DemographicReportFilterTest" time="0.28"/>
  <testcase name="testFilterByInsuranceZipNoResult" classname="edu.ncsu.csc.itrust.unit.report.DemographicReportFilterTest" time="0.355"/>
  <testcase name="testFilterByOnlyDeactivated" classname="edu.ncsu.csc.itrust.unit.report.DemographicReportFilterTest" time="0.287"/>
  <testcase name="testFilterByStreetAddrNoResult" classname="edu.ncsu.csc.itrust.unit.report.DemographicReportFilterTest" time="0.327"/>
  <testcase name="testFilterByZipNoResult" classname="edu.ncsu.csc.itrust.unit.report.DemographicReportFilterTest" time="0.94"/>
  <testcase name="testFilterByInvalidLowerAge" classname="edu.ncsu.csc.itrust.unit.report.DemographicReportFilterTest" time="0.637"/>
  <testcase name="testFilterBySiblingLastNameNoResult" classname="edu.ncsu.csc.itrust.unit.report.DemographicReportFilterTest" time="0.633"/>
  <testcase name="testFilterByParentFirstName" classname="edu.ncsu.csc.itrust.unit.report.DemographicReportFilterTest" time="0.416"/>
  <testcase name="testFilterByStreetAddr1" classname="edu.ncsu.csc.itrust.unit.report.DemographicReportFilterTest" time="0.399"/>
  <testcase name="testFilterByStreetAddr2" classname="edu.ncsu.csc.itrust.unit.report.DemographicReportFilterTest" time="0.324"/>
  <testcase name="testFilterByStreetAddr3" classname="edu.ncsu.csc.itrust.unit.report.DemographicReportFilterTest" time="0.301"/>
  <testcase name="testFilterByLowerAgeNoResult" classname="edu.ncsu.csc.itrust.unit.report.DemographicReportFilterTest" time="0.349"/>
  <testcase name="testFilterByFirstName" classname="edu.ncsu.csc.itrust.unit.report.DemographicReportFilterTest" time="0.394"/>
  <testcase name="testFilterByParentFirstNameNoResult" classname="edu.ncsu.csc.itrust.unit.report.DemographicReportFilterTest" time="0.393"/>
  <testcase name="testFilterByUpperAgeNoResult" classname="edu.ncsu.csc.itrust.unit.report.DemographicReportFilterTest" time="0.335"/>
  <testcase name="testFilterByContactPhoneNoResult" classname="edu.ncsu.csc.itrust.unit.report.DemographicReportFilterTest" time="0.27"/>
  <testcase name="testFilterByEmerContactNameNoResult" classname="edu.ncsu.csc.itrust.unit.report.DemographicReportFilterTest" time="0.271"/>
  <testcase name="testGetFilterValue" classname="edu.ncsu.csc.itrust.unit.report.DemographicReportFilterTest" time="0.361"/>
  <testcase name="testFilterByCity1" classname="edu.ncsu.csc.itrust.unit.report.DemographicReportFilterTest" time="0.415"/>
  <testcase name="testFilterByCity2" classname="edu.ncsu.csc.itrust.unit.report.DemographicReportFilterTest" time="0.32"/>
  <testcase name="testFilterByPhone" classname="edu.ncsu.csc.itrust.unit.report.DemographicReportFilterTest" time="0.309"/>
  <testcase name="testFilterByState" classname="edu.ncsu.csc.itrust.unit.report.DemographicReportFilterTest" time="0.305"/>
  <testcase name="testFilterByChildLastName" classname="edu.ncsu.csc.itrust.unit.report.DemographicReportFilterTest" time="0.337"/>
  <testcase name="testFilterByExcludeDeactivated" classname="edu.ncsu.csc.itrust.unit.report.DemographicReportFilterTest" time="0.32"/>
  <testcase name="testFilterByContactEmailNoResult" classname="edu.ncsu.csc.itrust.unit.report.DemographicReportFilterTest" time="0.311"/>
  <testcase name="testFilterByEmerContactName" classname="edu.ncsu.csc.itrust.unit.report.DemographicReportFilterTest" time="0.274"/>
  <testcase name="testFilterByParentLastNameNoResult" classname="edu.ncsu.csc.itrust.unit.report.DemographicReportFilterTest" time="0.283"/>
  <testcase name="testFilterByParentFirstName2" classname="edu.ncsu.csc.itrust.unit.report.DemographicReportFilterTest" time="0.309"/>
  <testcase name="testFilterByInsuranceZip" classname="edu.ncsu.csc.itrust.unit.report.DemographicReportFilterTest" time="0.314"/>
</testsuite>