<?xml version="1.0" encoding="UTF-8"?>
<testsuite xmlns:xsi="http://www.w3.org/2001/XMLSchema-instance" xsi:schemaLocation="https://maven.apache.org/surefire/maven-surefire-plugin/xsd/surefire-test-report.xsd" name="edu.ncsu.csc.itrust.unit.action.ViewMyRecordsActionTest" time="13.701" tests="29" errors="0" skipped="0" failures="0">
  <properties>
    <property name="java.runtime.name" value="Java(TM) SE Runtime Environment"/>
    <property name="sun.boot.library.path" value="/Library/Java/JavaVirtualMachines/jdk1.8.0_121.jdk/Contents/Home/jre/lib"/>
    <property name="java.vm.version" value="25.121-b13"/>
    <property name="gopherProxySet" value="false"/>
    <property name="java.vm.vendor" value="Oracle Corporation"/>
    <property name="maven.multiModuleProjectDirectory" value="/Users/ssapra/Dropbox/College/Junior/cs427/iTrust"/>
    <property name="java.vendor.url" value="http://java.oracle.com/"/>
    <property name="path.separator" value=":"/>
    <property name="guice.disable.misplaced.annotation.check" value="true"/>
    <property name="java.vm.name" value="Java HotSpot(TM) 64-Bit Server VM"/>
    <property name="file.encoding.pkg" value="sun.io"/>
    <property name="user.country" value="US"/>
    <property name="sun.java.launcher" value="SUN_STANDARD"/>
    <property name="sun.os.patch.level" value="unknown"/>
    <property name="java.vm.specification.name" value="Java Virtual Machine Specification"/>
    <property name="user.dir" value="/Users/ssapra/Dropbox/College/Junior/cs427/iTrust"/>
    <property name="java.runtime.version" value="1.8.0_121-b13"/>
    <property name="java.awt.graphicsenv" value="sun.awt.CGraphicsEnvironment"/>
    <property name="java.endorsed.dirs" value="/Library/Java/JavaVirtualMachines/jdk1.8.0_121.jdk/Contents/Home/jre/lib/endorsed"/>
    <property name="os.arch" value="x86_64"/>
    <property name="java.io.tmpdir" value="/var/folders/3h/5f_5t54d61l9l7c9md6tq6tc0000gn/T/"/>
    <property name="line.separator" value="&#10;"/>
    <property name="java.vm.specification.vendor" value="Oracle Corporation"/>
    <property name="os.name" value="Mac OS X"/>
    <property name="classworlds.conf" value="/usr/local/Cellar/maven/3.5.0/libexec/bin/m2.conf"/>
    <property name="sun.jnu.encoding" value="UTF-8"/>
    <property name="java.library.path" value="/Users/ssapra/Library/Java/Extensions:/Library/Java/Extensions:/Network/Library/Java/Extensions:/System/Library/Java/Extensions:/usr/lib/java:."/>
    <property name="maven.conf" value="/usr/local/Cellar/maven/3.5.0/libexec/conf"/>
    <property name="java.specification.name" value="Java Platform API Specification"/>
    <property name="java.class.version" value="52.0"/>
    <property name="sun.management.compiler" value="HotSpot 64-Bit Tiered Compilers"/>
    <property name="os.version" value="10.12.6"/>
    <property name="library.jansi.path" value="/usr/local/Cellar/maven/3.5.0/libexec/lib/jansi-native/osx64"/>
    <property name="user.home" value="/Users/ssapra"/>
    <property name="user.timezone" value="America/Chicago"/>
    <property name="java.awt.printerjob" value="sun.lwawt.macosx.CPrinterJob"/>
    <property name="java.specification.version" value="1.8"/>
    <property name="file.encoding" value="UTF-8"/>
    <property name="user.name" value="ssapra"/>
    <property name="java.class.path" value="/usr/local/Cellar/maven/3.5.0/libexec/boot/plexus-classworlds-2.5.2.jar"/>
    <property name="java.vm.specification.version" value="1.8"/>
    <property name="sun.arch.data.model" value="64"/>
    <property name="java.home" value="/Library/Java/JavaVirtualMachines/jdk1.8.0_121.jdk/Contents/Home/jre"/>
    <property name="sun.java.command" value="org.codehaus.plexus.classworlds.launcher.Launcher test"/>
    <property name="java.specification.vendor" value="Oracle Corporation"/>
    <property name="user.language" value="en"/>
    <property name="awt.toolkit" value="sun.lwawt.macosx.LWCToolkit"/>
    <property name="java.vm.info" value="mixed mode"/>
    <property name="java.version" value="1.8.0_121"/>
    <property name="java.ext.dirs" value="/Users/ssapra/Library/Java/Extensions:/Library/Java/JavaVirtualMachines/jdk1.8.0_121.jdk/Contents/Home/jre/lib/ext:/Library/Java/Extensions:/Network/Library/Java/Extensions:/System/Library/Java/Extensions:/usr/lib/java"/>
    <property name="sun.boot.class.path" value="/Library/Java/JavaVirtualMachines/jdk1.8.0_121.jdk/Contents/Home/jre/lib/resources.jar:/Library/Java/JavaVirtualMachines/jdk1.8.0_121.jdk/Contents/Home/jre/lib/rt.jar:/Library/Java/JavaVirtualMachines/jdk1.8.0_121.jdk/Contents/Home/jre/lib/sunrsasign.jar:/Library/Java/JavaVirtualMachines/jdk1.8.0_121.jdk/Contents/Home/jre/lib/jsse.jar:/Library/Java/JavaVirtualMachines/jdk1.8.0_121.jdk/Contents/Home/jre/lib/jce.jar:/Library/Java/JavaVirtualMachines/jdk1.8.0_121.jdk/Contents/Home/jre/lib/charsets.jar:/Library/Java/JavaVirtualMachines/jdk1.8.0_121.jdk/Contents/Home/jre/lib/jfr.jar:/Library/Java/JavaVirtualMachines/jdk1.8.0_121.jdk/Contents/Home/jre/classes"/>
    <property name="java.vendor" value="Oracle Corporation"/>
    <property name="maven.home" value="/usr/local/Cellar/maven/3.5.0/libexec"/>
    <property name="file.separator" value="/"/>
    <property name="java.vendor.url.bug" value="http://bugreport.sun.com/bugreport/"/>
    <property name="sun.cpu.endian" value="little"/>
    <property name="sun.io.unicode.encoding" value="UnicodeBig"/>
    <property name="sun.cpu.isalist" value=""/>
  </properties>
  <testcase name="testGetAllHealthRecords" classname="edu.ncsu.csc.itrust.unit.action.ViewMyRecordsActionTest" time="0.643"/>
  <testcase name="testGetEmailHistory" classname="edu.ncsu.csc.itrust.unit.action.ViewMyRecordsActionTest" time="0.538"/>
  <testcase name="testGetFamilyMemberCOD" classname="edu.ncsu.csc.itrust.unit.action.ViewMyRecordsActionTest" time="0.606"/>
  <testcase name="testDoesFamilyMemberHaveDiabetes" classname="edu.ncsu.csc.itrust.unit.action.ViewMyRecordsActionTest" time="0.475"/>
  <testcase name="testViewNonExistantRecords" classname="edu.ncsu.csc.itrust.unit.action.ViewMyRecordsActionTest" time="0.454"/>
  <testcase name="testGetRepresenting" classname="edu.ncsu.csc.itrust.unit.action.ViewMyRecordsActionTest" time="0.402"/>
  <testcase name="testGetPatient" classname="edu.ncsu.csc.itrust.unit.action.ViewMyRecordsActionTest" time="0.476"/>
  <testcase name="testGetLabs" classname="edu.ncsu.csc.itrust.unit.action.ViewMyRecordsActionTest" time="0.526"/>
  <testcase name="testDoesFamilyMemberHaveHighCholesterol" classname="edu.ncsu.csc.itrust.unit.action.ViewMyRecordsActionTest" time="0.45"/>
  <testcase name="testGetReportRequests" classname="edu.ncsu.csc.itrust.unit.action.ViewMyRecordsActionTest" time="0.407"/>
  <testcase name="testGetFamilyHealthRecords" classname="edu.ncsu.csc.itrust.unit.action.ViewMyRecordsActionTest" time="0.452"/>
  <testcase name="testGetAllOfficeVisits" classname="edu.ncsu.csc.itrust.unit.action.ViewMyRecordsActionTest" time="0.455"/>
  <testcase name="testRepresentPatient" classname="edu.ncsu.csc.itrust.unit.action.ViewMyRecordsActionTest" time="0.468"/>
  <testcase name="testGetRepresented" classname="edu.ncsu.csc.itrust.unit.action.ViewMyRecordsActionTest" time="0.477"/>
  <testcase name="testDoesFamilyMemberHaveHeartDisease" classname="edu.ncsu.csc.itrust.unit.action.ViewMyRecordsActionTest" time="0.442"/>
  <testcase name="testGetSpecificLabs" classname="edu.ncsu.csc.itrust.unit.action.ViewMyRecordsActionTest" time="0.397"/>
  <testcase name="testDoesFamilyMemberHaveCancer" classname="edu.ncsu.csc.itrust.unit.action.ViewMyRecordsActionTest" time="0.432"/>
  <testcase name="testDoesFamilyMemberHaveHighBP" classname="edu.ncsu.csc.itrust.unit.action.ViewMyRecordsActionTest" time="0.39"/>
  <testcase name="testViewMyRecords" classname="edu.ncsu.csc.itrust.unit.action.ViewMyRecordsActionTest" time="0.462"/>
  <testcase name="testIsFamilyMemberSmoker" classname="edu.ncsu.csc.itrust.unit.action.ViewMyRecordsActionTest" time="0.449"/>
  <testcase name="testGetFamily" classname="edu.ncsu.csc.itrust.unit.action.ViewMyRecordsActionTest" time="0.506"/>
  <testcase name="testGetAllergies" classname="edu.ncsu.csc.itrust.unit.action.ViewMyRecordsActionTest" time="0.47"/>
  <testcase name="testGetOfficeVisit" classname="edu.ncsu.csc.itrust.unit.action.ViewMyRecordsActionTest" time="0.383"/>
  <testcase name="testGetFamilyHistory" classname="edu.ncsu.csc.itrust.unit.action.ViewMyRecordsActionTest" time="0.404"/>
  <testcase name="testGetPatientAgeInMonths" classname="edu.ncsu.csc.itrust.unit.action.ViewMyRecordsActionTest" time="0.434"/>
  <testcase name="testSetViewed" classname="edu.ncsu.csc.itrust.unit.action.ViewMyRecordsActionTest" time="0.457"/>
  <testcase name="testIsSurveyCompleted" classname="edu.ncsu.csc.itrust.unit.action.ViewMyRecordsActionTest" time="0.464"/>
  <testcase name="testGetPersonnel" classname="edu.ncsu.csc.itrust.unit.action.ViewMyRecordsActionTest" time="0.673"/>
  <testcase name="testGetProcedures" classname="edu.ncsu.csc.itrust.unit.action.ViewMyRecordsActionTest" time="0.507"/>
</testsuite>